[2025-05-20 03:19:34Z INFO HostContext] No proxy settings were found based on environmental variables (http_proxy/https_proxy/HTTP_PROXY/HTTPS_PROXY)
[2025-05-20 03:19:34Z INFO HostContext] Well known directory 'Bin': 'C:\Users\VAIO\CICD\CICD\actions-runner\bin'
[2025-05-20 03:19:34Z INFO HostContext] Well known directory 'Root': 'C:\Users\VAIO\CICD\CICD\actions-runner'
[2025-05-20 03:19:34Z INFO HostContext] Well known config file 'Credentials': 'C:\Users\VAIO\CICD\CICD\actions-runner\.credentials'
[2025-05-20 03:19:34Z INFO HostContext] Well known directory 'Bin': 'C:\Users\VAIO\CICD\CICD\actions-runner\bin'
[2025-05-20 03:19:34Z INFO HostContext] Well known directory 'Root': 'C:\Users\VAIO\CICD\CICD\actions-runner'
[2025-05-20 03:19:34Z INFO HostContext] Well known config file 'Runner': 'C:\Users\VAIO\CICD\CICD\actions-runner\.runner'
[2025-05-20 03:19:34Z INFO Listener] Runner is built for Windows (X64) - win-x64.
[2025-05-20 03:19:34Z INFO Listener] RuntimeInformation: Microsoft Windows 10.0.19045.
[2025-05-20 03:19:34Z INFO Listener] Version: 2.324.0
[2025-05-20 03:19:34Z INFO Listener] Commit: da3412efd49b1cf1a0fbdcbcee4e4ac4cc2177c8
[2025-05-20 03:19:34Z INFO Listener] Culture: pt-BR
[2025-05-20 03:19:34Z INFO Listener] UI Culture: pt-BR
[2025-05-20 03:19:34Z INFO HostContext] Well known directory 'Bin': 'C:\Users\VAIO\CICD\CICD\actions-runner\bin'
[2025-05-20 03:19:34Z INFO HostContext] Well known directory 'Root': 'C:\Users\VAIO\CICD\CICD\actions-runner'
[2025-05-20 03:19:34Z INFO Listener] Validating directory permissions for: 'C:\Users\VAIO\CICD\CICD\actions-runner'
[2025-05-20 03:19:34Z INFO CommandLineParser] Parse
[2025-05-20 03:19:34Z INFO CommandLineParser] Parsing 5 args
[2025-05-20 03:19:34Z INFO CommandLineParser] parsing argument
[2025-05-20 03:19:34Z INFO CommandLineParser] HasArgs: False
[2025-05-20 03:19:34Z INFO CommandLineParser] Adding Command: configure
[2025-05-20 03:19:34Z INFO CommandLineParser] parsing argument
[2025-05-20 03:19:34Z INFO CommandLineParser] HasArgs: True
[2025-05-20 03:19:34Z INFO CommandLineParser] arg: url
[2025-05-20 03:19:34Z INFO CommandLineParser] parsing argument
[2025-05-20 03:19:34Z INFO CommandLineParser] HasArgs: True
[2025-05-20 03:19:34Z INFO CommandLineParser] Adding option 'url': 'https://github.com/Wesley-Dre/CI-CD'
[2025-05-20 03:19:34Z INFO CommandLineParser] parsing argument
[2025-05-20 03:19:34Z INFO CommandLineParser] HasArgs: True
[2025-05-20 03:19:34Z INFO CommandLineParser] arg: token
[2025-05-20 03:19:34Z INFO CommandLineParser] parsing argument
[2025-05-20 03:19:34Z INFO CommandLineParser] HasArgs: True
[2025-05-20 03:19:34Z INFO CommandLineParser] Adding option 'token': '***'
[2025-05-20 03:19:34Z INFO Listener] Arguments parsed
[2025-05-20 03:19:34Z INFO Runner] ExecuteCommand
[2025-05-20 03:19:34Z INFO ConfigurationStore] currentAssemblyLocation: C:\Users\VAIO\CICD\CICD\actions-runner\bin\Runner.Listener.dll
[2025-05-20 03:19:34Z INFO HostContext] Well known directory 'Bin': 'C:\Users\VAIO\CICD\CICD\actions-runner\bin'
[2025-05-20 03:19:34Z INFO ConfigurationStore] binPath: C:\Users\VAIO\CICD\CICD\actions-runner\bin
[2025-05-20 03:19:34Z INFO HostContext] Well known directory 'Bin': 'C:\Users\VAIO\CICD\CICD\actions-runner\bin'
[2025-05-20 03:19:34Z INFO HostContext] Well known directory 'Root': 'C:\Users\VAIO\CICD\CICD\actions-runner'
[2025-05-20 03:19:34Z INFO ConfigurationStore] RootFolder: C:\Users\VAIO\CICD\CICD\actions-runner
[2025-05-20 03:19:34Z INFO HostContext] Well known directory 'Bin': 'C:\Users\VAIO\CICD\CICD\actions-runner\bin'
[2025-05-20 03:19:34Z INFO HostContext] Well known directory 'Root': 'C:\Users\VAIO\CICD\CICD\actions-runner'
[2025-05-20 03:19:34Z INFO HostContext] Well known config file 'Runner': 'C:\Users\VAIO\CICD\CICD\actions-runner\.runner'
[2025-05-20 03:19:34Z INFO ConfigurationStore] ConfigFilePath: C:\Users\VAIO\CICD\CICD\actions-runner\.runner
[2025-05-20 03:19:34Z INFO HostContext] Well known directory 'Bin': 'C:\Users\VAIO\CICD\CICD\actions-runner\bin'
[2025-05-20 03:19:34Z INFO HostContext] Well known directory 'Root': 'C:\Users\VAIO\CICD\CICD\actions-runner'
[2025-05-20 03:19:34Z INFO HostContext] Well known config file 'MigratedRunner': 'C:\Users\VAIO\CICD\CICD\actions-runner\.runner_migrated'
[2025-05-20 03:19:34Z INFO ConfigurationStore] MigratedConfigFilePath: C:\Users\VAIO\CICD\CICD\actions-runner\.runner_migrated
[2025-05-20 03:19:34Z INFO HostContext] Well known directory 'Bin': 'C:\Users\VAIO\CICD\CICD\actions-runner\bin'
[2025-05-20 03:19:34Z INFO HostContext] Well known directory 'Root': 'C:\Users\VAIO\CICD\CICD\actions-runner'
[2025-05-20 03:19:34Z INFO HostContext] Well known config file 'Credentials': 'C:\Users\VAIO\CICD\CICD\actions-runner\.credentials'
[2025-05-20 03:19:34Z INFO ConfigurationStore] CredFilePath: C:\Users\VAIO\CICD\CICD\actions-runner\.credentials
[2025-05-20 03:19:34Z INFO HostContext] Well known directory 'Bin': 'C:\Users\VAIO\CICD\CICD\actions-runner\bin'
[2025-05-20 03:19:34Z INFO HostContext] Well known directory 'Root': 'C:\Users\VAIO\CICD\CICD\actions-runner'
[2025-05-20 03:19:34Z INFO HostContext] Well known config file 'MigratedCredentials': 'C:\Users\VAIO\CICD\CICD\actions-runner\.credentials_migrated'
[2025-05-20 03:19:34Z INFO ConfigurationStore] MigratedCredFilePath: C:\Users\VAIO\CICD\CICD\actions-runner\.credentials_migrated
[2025-05-20 03:19:34Z INFO HostContext] Well known directory 'Bin': 'C:\Users\VAIO\CICD\CICD\actions-runner\bin'
[2025-05-20 03:19:34Z INFO HostContext] Well known directory 'Root': 'C:\Users\VAIO\CICD\CICD\actions-runner'
[2025-05-20 03:19:34Z INFO HostContext] Well known config file 'Service': 'C:\Users\VAIO\CICD\CICD\actions-runner\.service'
[2025-05-20 03:19:34Z INFO ConfigurationStore] ServiceConfigFilePath: C:\Users\VAIO\CICD\CICD\actions-runner\.service
[2025-05-20 03:19:34Z INFO CommandSettings] Flag 'help': 'False'
[2025-05-20 03:19:34Z INFO CommandSettings] Flag 'version': 'False'
[2025-05-20 03:19:34Z INFO CommandSettings] Flag 'commit': 'False'
[2025-05-20 03:19:34Z INFO CommandSettings] Flag 'check': 'False'
[2025-05-20 03:19:34Z INFO CommandSettings] Command 'configure': 'True'
[2025-05-20 03:19:34Z INFO Terminal] WRITE LINE: 
[2025-05-20 03:19:34Z INFO Terminal] WRITE LINE: --------------------------------------------------------------------------------
[2025-05-20 03:19:34Z INFO Terminal] WRITE LINE: |        ____ _ _   _   _       _          _        _   _                      |
[2025-05-20 03:19:34Z INFO Terminal] WRITE LINE: |       / ___(_) |_| | | |_   _| |__      / \   ___| |_(_) ___  _ __  ___      |
[2025-05-20 03:19:34Z INFO Terminal] WRITE LINE: |      | |  _| | __| |_| | | | | '_ \    / _ \ / __| __| |/ _ \| '_ \/ __|     |
[2025-05-20 03:19:34Z INFO Terminal] WRITE LINE: |      | |_| | | |_|  _  | |_| | |_) |  / ___ \ (__| |_| | (_) | | | \__ \     |
[2025-05-20 03:19:34Z INFO Terminal] WRITE LINE: |       \____|_|\__|_| |_|\__,_|_.__/  /_/   \_\___|\__|_|\___/|_| |_|___/     |
[2025-05-20 03:19:34Z INFO Terminal] WRITE LINE: |                                                                              |
[2025-05-20 03:19:34Z INFO Terminal] WRITE: |                       
[2025-05-20 03:19:34Z INFO Terminal] WRITE: Self-hosted runner registration
[2025-05-20 03:19:34Z INFO Terminal] WRITE LINE:                         |
[2025-05-20 03:19:34Z INFO Terminal] WRITE LINE: |                                                                              |
[2025-05-20 03:19:34Z INFO Terminal] WRITE LINE: --------------------------------------------------------------------------------
[2025-05-20 03:19:34Z INFO ConfigurationManager] ConfigureAsync
[2025-05-20 03:19:34Z INFO CommandSettings] Flag 'generateServiceConfig': 'False'
[2025-05-20 03:19:34Z INFO ConfigurationStore] IsConfigured()
[2025-05-20 03:19:34Z INFO ConfigurationStore] IsConfigured: False
[2025-05-20 03:19:34Z INFO ConfigurationManager] Is configured: False
[2025-05-20 03:19:34Z INFO CommandSettings] Arg 'url': 'https://github.com/Wesley-Dre/CI-CD'
[2025-05-20 03:19:34Z INFO CommandSettings] Remove url from Arg dictionary.
[2025-05-20 03:19:34Z INFO CommandSettings] Arg 'token': '***'
[2025-05-20 03:19:34Z INFO CommandSettings] Remove token from Arg dictionary.
[2025-05-20 03:19:34Z INFO ConfigurationManager] Http response code: OK from 'POST https://api.github.com/actions/runner-registration' (EA11:3CA37F:F17F81:117F1BF:682BF4C8)
[2025-05-20 03:19:34Z INFO ConfigurationManager] Using V2 flow: False
[2025-05-20 03:19:34Z INFO ConfigurationManager] cred retrieved via GitHub auth
[2025-05-20 03:19:34Z INFO RunnerServer] EstablishVssConnection
[2025-05-20 03:19:34Z INFO RunnerServer] Establish connection with 100 seconds timeout.
[2025-05-20 03:19:34Z INFO GitHubActionsService] Starting operation Location.GetConnectionData
[2025-05-20 03:19:34Z INFO RunnerServer] EstablishVssConnection
[2025-05-20 03:19:34Z INFO RunnerServer] Establish connection with 60 seconds timeout.
[2025-05-20 03:19:34Z INFO GitHubActionsService] Starting operation Location.GetConnectionData
[2025-05-20 03:19:34Z INFO RunnerServer] EstablishVssConnection
[2025-05-20 03:19:34Z INFO RunnerServer] Establish connection with 60 seconds timeout.
[2025-05-20 03:19:35Z INFO GitHubActionsService] Starting operation Location.GetConnectionData
[2025-05-20 03:19:35Z INFO GitHubActionsService] Finished operation Location.GetConnectionData
[2025-05-20 03:19:35Z INFO GitHubActionsService] Finished operation Location.GetConnectionData
[2025-05-20 03:19:35Z INFO GitHubActionsService] Finished operation Location.GetConnectionData
[2025-05-20 03:19:35Z INFO Terminal] WRITE LINE: 
[2025-05-20 03:19:35Z INFO ConfigurationManager] Test Connection complete.
[2025-05-20 03:19:35Z INFO HostContext] Well known directory 'Bin': 'C:\Users\VAIO\CICD\CICD\actions-runner\bin'
[2025-05-20 03:19:35Z INFO HostContext] Well known directory 'Root': 'C:\Users\VAIO\CICD\CICD\actions-runner'
[2025-05-20 03:19:35Z INFO HostContext] Well known config file 'RSACredentials': 'C:\Users\VAIO\CICD\CICD\actions-runner\.credentials_rsaparams'
[2025-05-20 03:19:35Z INFO RSAEncryptedFileKeyManager] Found existing RSA key parameters file C:\Users\VAIO\CICD\CICD\actions-runner\.credentials_rsaparams
[2025-05-20 03:19:35Z INFO CommandSettings] Arg 'runnergroup': ''
[2025-05-20 03:19:35Z INFO CommandSettings] Flag 'unattended': 'False'
[2025-05-20 03:19:35Z INFO PromptManager] ReadValue
[2025-05-20 03:19:35Z INFO Terminal] WRITE: Enter the name of the runner group to add this runner to: 
[2025-05-20 03:19:35Z INFO Terminal] WRITE: [press Enter for Default] 
[2025-05-20 03:19:35Z INFO Terminal] READ LINE
[2025-05-20 03:19:36Z INFO Terminal] Read value: '.\run.cmd'
[2025-05-20 03:19:36Z INFO Terminal] WRITE LINE: 
[2025-05-20 03:19:36Z ERR  Runner] GitHub.DistributedTask.WebApi.TaskAgentPoolNotFoundException: Could not find any self-hosted runner group named ".\run.cmd".
   at GitHub.Runner.Listener.Configuration.ConfigurationManager.ConfigureAsync(CommandSettings command)
   at GitHub.Runner.Listener.Runner.ExecuteCommand(CommandSettings command)
[2025-05-20 03:19:36Z ERR  Terminal] WRITE ERROR: Could not find any self-hosted runner group named ".\run.cmd".
[2025-05-20 03:19:36Z INFO Listener] Runner execution has finished with return code 1
